<?xml version="1.0" encoding="UTF-8"?>
<!-- Generated by org.testng.reporters.JUnitReportReporter -->
<testsuite hostname="Vamsis-MacBook-Pro.local" name="TestSuites.ICJQuickSearch" tests="1" failures="0" timestamp="25 Sep 2017 18:49:57 GMT" time="69.410" errors="0">
  <testcase name="icjApplicationLoginAndVerifyQuickSearch" time="69.410" classname="TestSuites.ICJQuickSearch"/>
</testsuite> <!-- TestSuites.ICJQuickSearch -->
